Info 0    [15:23:23.589] Starting TS Server
Info 1    [15:23:23.593] Version: 3.8.3
Info 2    [15:23:23.593] Arguments: /Users/andrewgu/.nvm/versions/node/v12.10.0/bin/node /Users/andrewgu/.emacs.d/.cache/lsp/npm/typescript/bin/tsserver --logFile /Users/andrewgu/Documents/andrew gu/andrewgu12.github.io/.log/tsserver.log --logVerbosity info --cancellationPipeName /private/var/folders/r1/z149r78s2pz3dw_vl__trr900000gn/T/9ee3dce196ac6012116780905052fe45/tscancellation*
Info 3    [15:23:23.593] Platform: darwin NodeVersion: 12 CaseSensitive: false
Info 4    [15:23:24.218] Search path: /Users/andrewgu/Documents/andrew gu/andrewgu12.github.io
Info 5    [15:23:24.219] For info: /Users/andrewgu/Documents/andrew gu/andrewgu12.github.io/index.ts :: Config file name: /Users/andrewgu/Documents/andrew gu/andrewgu12.github.io/tsconfig.json
Info 6    [15:23:24.219] Opened configuration file /Users/andrewgu/Documents/andrew gu/andrewgu12.github.io/tsconfig.json
Info 7    [15:23:24.236] Config: /Users/andrewgu/Documents/andrew gu/andrewgu12.github.io/tsconfig.json : {
 "rootNames": [
  "/Users/andrewgu/Documents/andrew gu/andrewgu12.github.io/ts/library.ts"
 ],
 "options": {
  "allowJs": true,
  "esModuleInterop": true,
  "outFile": "/Users/andrewgu/Documents/andrew gu/andrewgu12.github.io/dist/library.js",
  "configFilePath": "/Users/andrewgu/Documents/andrew gu/andrewgu12.github.io/tsconfig.json"
 }
}
Info 8    [15:23:24.270] Starting updateGraphWorker: Project: /Users/andrewgu/Documents/andrew gu/andrewgu12.github.io/tsconfig.json
Info 9    [15:23:25.136] Finishing updateGraphWorker: Project: /Users/andrewgu/Documents/andrew gu/andrewgu12.github.io/tsconfig.json Version: 1 structureChanged: true Elapsed: 866ms
Info 10   [15:23:25.136] Project '/Users/andrewgu/Documents/andrew gu/andrewgu12.github.io/tsconfig.json' (Configured) 
Info 11   [15:23:25.136] 	Files (81)

Info 12   [15:23:25.136] -----------------------------------------------
Info 13   [15:23:25.140] Starting updateGraphWorker: Project: /dev/null/inferredProject1*
Info 14   [15:23:25.552] Finishing updateGraphWorker: Project: /dev/null/inferredProject1* Version: 1 structureChanged: true Elapsed: 412ms
Info 15   [15:23:25.552] Project '/dev/null/inferredProject1*' (Inferred) 
Info 16   [15:23:25.552] 	Files (81)

Info 17   [15:23:25.552] -----------------------------------------------
